07:43:24 [INFO] === DÉBUT CYCLE mode=all ===
07:43:25 [INFO] === SCRAPE 1X2 ===
07:43:31 [INFO] 10 rounds valides / 10 total
07:43:32 [INFO]   1X2 [00:17]: 10 matchs
07:43:33 [INFO]   1X2 [07:45]: 10 matchs
07:43:35 [INFO]   1X2 [07:47]: 10 matchs
07:43:36 [INFO]   1X2 [07:49]: 10 matchs
07:43:37 [INFO]   1X2 [07:51]: 10 matchs
07:43:39 [INFO]   1X2 [07:53]: 10 matchs
07:43:40 [INFO]   1X2 [07:55]: 10 matchs
07:43:41 [INFO]   1X2 [07:57]: 10 matchs
07:43:43 [INFO]   1X2 [07:59]: 10 matchs
07:43:44 [INFO]   1X2 [08:01]: 10 matchs
07:43:44 [INFO] 1X2: 10 rounds → data/congobet_1x2_rounds.json
07:43:44 [INFO] === SCRAPE G/NG ===
07:43:46 [INFO] 10 rounds valides / 10 total
07:43:49 [INFO]   G/NG [00:02]: 10 matchs
07:43:51 [INFO]   G/NG [07:45]: 10 matchs
07:43:53 [INFO]   G/NG [07:47]: 10 matchs
07:43:56 [INFO]   G/NG [07:49]: 10 matchs
07:43:58 [INFO]   G/NG [07:51]: 10 matchs
07:44:00 [INFO]   G/NG [07:53]: 10 matchs
07:44:02 [INFO]   G/NG [07:55]: 10 matchs
07:44:05 [INFO]   G/NG [07:57]: 10 matchs
07:44:07 [INFO]   G/NG [07:59]: 10 matchs
07:44:09 [INFO]   G/NG [08:01]: 10 matchs
07:44:09 [INFO] G/NG: 100 cotes → data/cbet_odds.json
07:44:09 [INFO] === SCRAPE RÉSULTATS ===
07:44:13 [INFO]   0 clics 'Afficher plus'
07:44:13 [INFO]   0 groupes résultats
07:44:13 [INFO] Résultats: 0 → data/cbet_results.json
07:44:13 [INFO] === FIN 49.4s erreurs=aucune ===
07:46:43 [INFO] === DÉBUT CYCLE mode=all ===
07:46:44 [INFO] === SCRAPE 1X2 ===
07:46:50 [WARNING] Impossible de sélectionner 1X2
07:46:50 [INFO] 9 rounds valides / 10 total
07:46:51 [INFO]   1X2 [07:47]: 10 matchs
07:46:52 [INFO]   1X2 [07:49]: 10 matchs
07:46:53 [INFO]   1X2 [07:51]: 10 matchs
07:46:54 [INFO]   1X2 [07:53]: 10 matchs
07:46:55 [INFO]   1X2 [07:55]: 10 matchs
07:46:57 [INFO]   1X2 [07:57]: 10 matchs
07:46:58 [INFO]   1X2 [07:59]: 10 matchs
07:46:59 [INFO]   1X2 [08:01]: 10 matchs
07:47:29 [WARNING] [retry 1/2] click_round: Locator.scroll_into_view_if_needed: Timeout 30000ms exceeded.
Call log:
  - waiting for locator("hg-instant-league-round-picker li").nth(9)

07:48:01 [ERROR]   1X2 round 9: Locator.scroll_into_view_if_needed: Timeout 30000ms exceeded.
Call log:
  - waiting for locator("hg-instant-league-round-picker li").nth(9)

07:48:01 [INFO] 1X2: 8 rounds → data/congobet_1x2_rounds.json
07:48:01 [INFO] === SCRAPE G/NG ===
07:48:04 [INFO] 8 rounds valides / 9 total
07:48:06 [INFO]   G/NG [07:49]: 10 matchs
07:48:09 [INFO]   G/NG [07:51]: 10 matchs
07:48:12 [INFO]   G/NG [07:53]: 10 matchs
07:48:14 [INFO]   G/NG [07:55]: 10 matchs
07:48:16 [INFO]   G/NG [07:57]: 10 matchs
07:48:19 [INFO]   G/NG [07:59]: 10 matchs
07:48:21 [INFO]   G/NG [08:01]: 10 matchs
07:48:23 [INFO]   G/NG [08:03]: 10 matchs
07:48:23 [INFO] G/NG: 80 cotes → data/cbet_odds.json
07:48:23 [INFO] === SCRAPE RÉSULTATS ===
07:48:27 [INFO]   0 clics 'Afficher plus'
07:48:27 [INFO]   0 groupes résultats
07:48:27 [INFO] Résultats: 0 → data/cbet_results.json
07:48:57 [INFO] === FIN 134.2s erreurs=aucune ===
07:53:34 [INFO] === DÉBUT CYCLE mode=all ===
07:53:35 [INFO] === SCRAPE 1X2 ===
07:53:42 [INFO] 10 rounds valides / 10 total
07:53:42 [INFO]   1X2 [00:07]: 10 matchs
07:53:43 [INFO]   1X2 [07:55]: 10 matchs
07:53:44 [INFO]   1X2 [07:57]: 10 matchs
07:53:45 [INFO]   1X2 [07:59]: 10 matchs
07:53:46 [INFO]   1X2 [08:01]: 10 matchs
07:53:47 [INFO]   1X2 [08:03]: 10 matchs
07:53:49 [INFO]   1X2 [08:08]: 10 matchs
07:53:50 [INFO]   1X2 [08:10]: 10 matchs
07:53:51 [INFO]   1X2 [08:12]: 10 matchs
07:53:52 [INFO]   1X2 [08:14]: 10 matchs
07:53:52 [INFO] 1X2: 10 rounds → data/congobet_1x2_rounds.json
07:53:52 [INFO] === SCRAPE G/NG ===
07:53:55 [INFO] 9 rounds valides / 10 total
07:53:57 [INFO]   G/NG [07:55]: 10 matchs
07:53:59 [INFO]   G/NG [07:57]: 10 matchs
07:54:02 [INFO]   G/NG [07:59]: 10 matchs
07:54:04 [INFO]   G/NG [08:01]: 10 matchs
07:54:06 [INFO]   G/NG [08:03]: 10 matchs
07:54:09 [INFO]   G/NG [08:08]: 10 matchs
07:54:11 [INFO]   G/NG [08:10]: 10 matchs
07:54:13 [INFO]   G/NG [08:12]: 10 matchs
07:54:15 [INFO]   G/NG [08:14]: 10 matchs
07:54:15 [INFO] G/NG: 90 cotes → data/cbet_odds.json
07:54:15 [INFO] === SCRAPE RÉSULTATS ===
07:54:19 [INFO]   0 clics 'Afficher plus'
07:54:19 [INFO]   0 groupes résultats
07:54:19 [INFO] Résultats: 0 → data/cbet_results.json
07:54:49 [INFO] === FIN 74.8s erreurs=aucune ===
07:57:19 [INFO] === DÉBUT CYCLE mode=all ===
07:57:20 [INFO] === SCRAPE 1X2 ===
07:57:26 [INFO] 10 rounds valides / 10 total
07:57:27 [INFO]   1X2 [00:23]: 10 matchs
07:57:27 [INFO]   1X2 [07:59]: 10 matchs
07:57:28 [INFO]   1X2 [08:01]: 10 matchs
07:57:29 [INFO]   1X2 [08:03]: 10 matchs
07:57:30 [INFO]   1X2 [08:08]: 10 matchs
07:57:31 [INFO]   1X2 [08:10]: 10 matchs
07:57:33 [INFO]   1X2 [08:12]: 10 matchs
07:57:34 [INFO]   1X2 [08:14]: 10 matchs
07:57:35 [INFO]   1X2 [08:16]: 10 matchs
07:57:37 [INFO]   1X2 [08:18]: 10 matchs
07:57:37 [INFO] 1X2: 10 rounds → data/congobet_1x2_rounds.json
07:57:37 [INFO] === SCRAPE G/NG ===
07:57:39 [INFO] 10 rounds valides / 10 total
07:57:41 [INFO]   G/NG [00:10]: 10 matchs
07:57:44 [INFO]   G/NG [07:59]: 10 matchs
07:57:46 [INFO]   G/NG [08:01]: 10 matchs
07:57:48 [INFO]   G/NG [08:03]: 10 matchs
07:57:50 [INFO]   G/NG [08:08]: 10 matchs
07:57:53 [INFO]   G/NG [08:10]: 10 matchs
07:57:55 [INFO]   G/NG [08:12]: 10 matchs
07:57:57 [INFO]   G/NG [08:14]: 10 matchs
07:58:00 [INFO]   G/NG [08:16]: 10 matchs
07:58:02 [INFO]   G/NG [08:18]: 10 matchs
07:58:02 [INFO] G/NG: 100 cotes → data/cbet_odds.json
07:58:02 [INFO] === SCRAPE RÉSULTATS ===
07:58:06 [INFO]   0 clics 'Afficher plus'
07:58:06 [INFO]   0 groupes résultats
07:58:06 [INFO] Résultats: 0 → data/cbet_results.json
07:58:36 [INFO] === FIN 76.4s erreurs=aucune ===
08:17:06 [INFO] === DÉBUT CYCLE mode=results ===
08:17:09 [INFO] === SCRAPE RÉSULTATS ===
08:17:15 [INFO]   0 clics 'Afficher plus'
08:17:15 [INFO]   0 groupes résultats
08:17:15 [INFO] Résultats: 0 → data/cbet_results.json
08:17:15 [INFO] === FIN 8.3s erreurs=aucune ===
08:21:19 [INFO] === DÉBUT CYCLE mode=all ===
08:21:20 [INFO] === SCRAPE 1X2 ===
08:21:26 [WARNING] Impossible de sélectionner 1X2
08:21:26 [INFO] 9 rounds valides / 10 total
08:21:28 [INFO]   1X2 [08:22]: 10 matchs
08:21:29 [INFO]   1X2 [08:24]: 10 matchs
08:21:30 [INFO]   1X2 [08:26]: 10 matchs
08:21:32 [INFO]   1X2 [08:28]: 10 matchs
08:21:33 [INFO]   1X2 [08:30]: 10 matchs
08:21:34 [INFO]   1X2 [08:32]: 10 matchs
08:21:36 [INFO]   1X2 [08:34]: 10 matchs
08:21:37 [INFO]   1X2 [08:36]: 10 matchs
08:21:39 [INFO]   1X2 [08:38]: 10 matchs
08:21:39 [INFO] 1X2: 9 rounds → data/congobet_1x2_rounds.json
08:21:39 [INFO] === SCRAPE G/NG ===
08:21:41 [INFO] 10 rounds valides / 10 total
08:21:43 [INFO]   G/NG [01:08]: 10 matchs
08:21:46 [INFO]   G/NG [08:24]: 10 matchs
08:21:48 [INFO]   G/NG [08:26]: 10 matchs
08:21:50 [INFO]   G/NG [08:28]: 10 matchs
08:21:52 [INFO]   G/NG [08:30]: 10 matchs
08:21:55 [INFO]   G/NG [08:32]: 10 matchs
08:21:57 [INFO]   G/NG [08:34]: 10 matchs
08:21:59 [INFO]   G/NG [08:36]: 10 matchs
08:22:02 [INFO]   G/NG [08:38]: 10 matchs
08:22:10 [INFO]   G/NG [08:40]: 10 matchs
08:22:10 [INFO] G/NG: 100 cotes → data/cbet_odds.json
08:22:10 [INFO] === SCRAPE RÉSULTATS ===
08:22:14 [INFO]   0 clics 'Afficher plus'
08:22:14 [INFO]   0 groupes résultats
08:22:14 [INFO] Résultats: 0 → data/cbet_results.json
08:22:14 [INFO] === FIN 54.8s erreurs=aucune ===
08:24:44 [INFO] === DÉBUT CYCLE mode=all ===
08:24:44 [INFO] === SCRAPE 1X2 ===
08:24:51 [INFO] 9 rounds valides / 10 total
08:24:51 [INFO]   1X2 [08:26]: 10 matchs
08:24:53 [INFO]   1X2 [08:28]: 10 matchs
08:24:54 [INFO]   1X2 [08:30]: 10 matchs
08:24:56 [INFO]   1X2 [08:32]: 10 matchs
08:24:57 [INFO]   1X2 [08:34]: 10 matchs
08:24:58 [INFO]   1X2 [08:36]: 10 matchs
08:25:00 [INFO]   1X2 [08:38]: 10 matchs
08:25:01 [INFO]   1X2 [08:40]: 10 matchs
08:25:03 [INFO]   1X2 [08:42]: 10 matchs
08:25:03 [INFO] 1X2: 9 rounds → data/congobet_1x2_rounds.json
08:25:03 [INFO] === SCRAPE G/NG ===
08:25:05 [INFO] 9 rounds valides / 10 total
08:25:07 [INFO]   G/NG [08:26]: 10 matchs
08:25:10 [INFO]   G/NG [08:28]: 10 matchs
08:25:12 [INFO]   G/NG [08:30]: 10 matchs
08:25:14 [INFO]   G/NG [08:32]: 10 matchs
08:25:16 [INFO]   G/NG [08:34]: 10 matchs
08:25:19 [INFO]   G/NG [08:36]: 10 matchs
08:25:21 [INFO]   G/NG [08:38]: 10 matchs
08:25:23 [INFO]   G/NG [08:40]: 10 matchs
08:25:26 [INFO]   G/NG [08:42]: 10 matchs
08:25:26 [INFO] G/NG: 90 cotes → data/cbet_odds.json
08:25:26 [INFO] === SCRAPE RÉSULTATS ===
08:25:29 [INFO]   0 clics 'Afficher plus'
08:25:29 [INFO]   0 groupes résultats
08:25:29 [INFO] Résultats: 0 → data/cbet_results.json
08:25:29 [INFO] === FIN 45.4s erreurs=aucune ===
